// libhpng 1.1.0.RELEASE log opened at 2016-06-13 11:14:25
parse formula
// libhpng 1.1.0.RELEASE log opened at 2016-06-14 11:01:37
parse formula
// libhpng 1.1.0.RELEASE log opened at 2016-06-14 11:03:04
parse formula
// libhpng 1.1.0.RELEASE log opened at 2016-06-14 11:05:16
// libhpng 1.1.0.RELEASE log opened at 2016-06-14 11:11:31
parse formula
// libhpng 1.1.0.RELEASE log opened at 2016-06-14 11:12:13
parse formula
// libhpng 1.1.0.RELEASE log opened at 2016-06-14 11:14:20
parse formula
// libhpng 1.1.0.RELEASE log opened at 2016-06-14 11:16:26
parse formula
// libhpng 1.1.0.RELEASE log opened at 2016-06-14 11:56:30
parse formula
// libhpng 1.1.0.RELEASE log opened at 2016-06-14 11:58:06
parse formula
// libhpng 1.1.0.RELEASE log opened at 2016-06-14 11:59:21
// libhpng 1.1.0.RELEASE log opened at 2016-06-20 09:08:00
parse formula
// libhpng 1.1.0.RELEASE log opened at 2016-07-04 09:20:08
read model --path examples/example.xml
// libhpng 1.1.0.RELEASE log opened at 2016-07-04 09:22:47
read model --path examples/example.xml
parse formula
// libhpng 1.1.0.RELEASE log opened at 2016-07-04 09:43:53
read model --path "examples/example.xml"
// libhpng 1.1.0.RELEASE log opened at 2016-07-04 09:47:03
read model --path "examples/example.xml"
// libhpng 1.1.0.RELEASE log opened at 2016-07-04 09:49:53
// libhpng 1.1.0.RELEASE log opened at 2016-07-04 09:50:20
read model --path "sa"
// libhpng 1.1.0.RELEASE log opened at 2016-07-04 09:53:37
// libhpng 1.1.0.RELEASE log opened at 2016-07-04 09:55:25
// [failed] parse formula
// libhpng 1.1.0.RELEASE log opened at 2016-07-04 09:56:37
// libhpng 1.1.0.RELEASE log opened at 2016-07-04 09:57:04
// libhpng 1.1.0.RELEASE log opened at 2016-07-04 09:58:22
// libhpng 1.1.0.RELEASE log opened at 2016-07-04 09:59:45
// libhpng 1.1.0.RELEASE log opened at 2016-07-04 10:00:59
// libhpng 1.1.0.RELEASE log opened at 2016-07-04 10:01:47
// libhpng 1.1.0.RELEASE log opened at 2016-07-04 10:02:52
// libhpng 1.1.0.RELEASE log opened at 2016-07-04 10:07:52
parse formula
// libhpng 1.1.0.RELEASE log opened at 2016-07-04 10:09:01
read model --path "examples/example.xml"
// [failed] check formula
// libhpng 1.1.0.RELEASE log opened at 2016-07-04 10:09:59
parse formula
read model --path "examples/example.xml"
// libhpng 1.1.0.RELEASE log opened at 2016-07-04 10:13:32
parse formula
// libhpng 1.1.0.RELEASE log opened at 2016-07-04 10:14:11
parse formula
parse formula
read model --path "examples/example.xml"
// [failed] check formula
// [failed] check formula
// [failed] check formula
// libhpng 1.1.0.RELEASE log opened at 2016-07-04 10:16:39
parse formula
// libhpng 1.1.0.RELEASE log opened at 2016-07-04 10:19:52
// [failed] parse formula
// libhpng 1.1.0.RELEASE log opened at 2016-07-04 10:20:35
// [failed] parse formula
// libhpng 1.1.0.RELEASE log opened at 2016-07-04 10:21:08
// [failed] parse formula
// libhpng 1.1.0.RELEASE log opened at 2016-07-04 10:21:34
// [failed] parse formula
// libhpng 1.1.0.RELEASE log opened at 2016-07-04 10:22:07
// [failed] parse formula
// libhpng 1.1.0.RELEASE log opened at 2016-07-04 10:22:50
// [failed] parse formula
// libhpng 1.1.0.RELEASE log opened at 2016-07-04 10:23:57
// [failed] parse formula
// libhpng 1.1.0.RELEASE log opened at 2016-07-04 10:24:21
parse formula
// libhpng 1.1.0.RELEASE log opened at 2016-07-04 10:25:02
parse formula
// libhpng 1.1.0.RELEASE log opened at 2016-07-04 10:26:10
parse formula
// libhpng 1.1.0.RELEASE log opened at 2016-07-04 10:29:47
parse formula
// libhpng 1.1.0.RELEASE log opened at 2016-07-04 10:35:31
parse formula
 parse formula
read model --path "examples/example.xml"
check formula
check formula
// libhpng 1.1.0.RELEASE log opened at 2016-07-04 10:55:04
read model --path "examples/example.xml"
plot --maxtime 30.0
